android-rn/build/intermediates/manifest_merge_blame_file/debug/manifest-merger-blame-debug-report.txt
1<?xml version="1.0" encoding="utf-8"?>
2<!-- AndroidManifest.xml -->
3<manifest xmlns:android="http://schemas.android.com/apk/res/android"
4    package="com.reactlibrary" >
5
6    <uses-sdk
7        android:minSdkVersion="21"
7-->src/main/AndroidManifest.xml
8        android:targetSdkVersion="30" />
8-->src/main/AndroidManifest.xml
9
10    <application>
10-->src/main/AndroidManifest.xml:5:5-12:19
11        <activity
11-->src/main/AndroidManifest.xml:6:9-11:15
12            android:name="io.flutter.embedding.android.FlutterActivity"
12-->src/main/AndroidManifest.xml:7:13-72
13            android:configChanges="orientation|keyboardHidden|keyboard|screenSize|locale|layoutDirection|fontScale|screenLayout|density|uiMode"
13-->src/main/AndroidManifest.xml:8:13-144
14            android:hardwareAccelerated="true"
14-->src/main/AndroidManifest.xml:9:13-47
15            android:windowSoftInputMode="adjustResize" />
15-->src/main/AndroidManifest.xml:10:13-55
16    </application>
17
18</manifest>